jinay@training-1:~/repo/CarND-Semantic-Segmentation$ python3 main.py 
TensorFlow Version: 1.11.0
2018-11-01 12:49:11.803601: I tensorflow/stream_executor/cuda/cuda_gpu_executor.cc:964] successful NUMA node read from SysFS had negative value (-1), but there must be at least one NUMA node, so returning NUMA node zero
2018-11-01 12:49:11.804005: I tensorflow/core/common_runtime/gpu/gpu_device.cc:1411] Found device 0 with properties: 
name: Tesla V100-SXM2-16GB major: 7 minor: 0 memoryClockRate(GHz): 1.53
pciBusID: 0000:00:04.0
totalMemory: 15.75GiB freeMemory: 15.25GiB
2018-11-01 12:49:11.804041: I tensorflow/core/common_runtime/gpu/gpu_device.cc:1490] Adding visible gpu devices: 0
2018-11-01 12:49:12.355249: I tensorflow/core/common_runtime/gpu/gpu_device.cc:971] Device interconnect StreamExecutor with strength 1 edge matrix:
2018-11-01 12:49:12.355328: I tensorflow/core/common_runtime/gpu/gpu_device.cc:977]      0 
2018-11-01 12:49:12.355357: I tensorflow/core/common_runtime/gpu/gpu_device.cc:990] 0:   N 
2018-11-01 12:49:12.355630: I tensorflow/core/common_runtime/gpu/gpu_device.cc:1103] Created TensorFlow device (/device:GPU:0 with 14751 MB memory) -> physical GPU (device: 0, name: Tesla V100-SXM2-16GB, pci bus id: 0000:00:04.0, compute capability: 7.0)
2018-11-01 12:49:12.661273: I tensorflow/core/common_runtime/gpu/gpu_device.cc:1490] Adding visible gpu devices: 0
2018-11-01 12:49:12.661379: I tensorflow/core/common_runtime/gpu/gpu_device.cc:971] Device interconnect StreamExecutor with strength 1 edge matrix:
2018-11-01 12:49:12.661392: I tensorflow/core/common_runtime/gpu/gpu_device.cc:977]      0 
2018-11-01 12:49:12.661402: I tensorflow/core/common_runtime/gpu/gpu_device.cc:990] 0:   N 
2018-11-01 12:49:12.661539: I tensorflow/core/common_runtime/gpu/gpu_device.cc:1103] Created TensorFlow device (/device:GPU:0 with 14751 MB memory) -> physical GPU (device: 0, name: Tesla V100-SXM2-16GB, pci bus id: 0000:00:04.0, compute capability: 7.0)
Default GPU Device: /device:GPU:0
2018-11-01 12:49:12.676288: I tensorflow/core/common_runtime/gpu/gpu_device.cc:1490] Adding visible gpu devices: 0
2018-11-01 12:49:12.676358: I tensorflow/core/common_runtime/gpu/gpu_device.cc:971] Device interconnect StreamExecutor with strength 1 edge matrix:
2018-11-01 12:49:12.676382: I tensorflow/core/common_runtime/gpu/gpu_device.cc:977]      0 
2018-11-01 12:49:12.676416: I tensorflow/core/common_runtime/gpu/gpu_device.cc:990] 0:   N 
2018-11-01 12:49:12.676680: I tensorflow/core/common_runtime/gpu/gpu_device.cc:1103] Created TensorFlow device (/job:localhost/replica:0/task:0/device:GPU:0 with 14751 MB memory) -> physical GPU (device: 0, name: Tesla V100-SXM2-16GB, pci bus id: 0000:00:04.0, compute capability: 7.0)
Tests Passed
Tests Passed
WARNING:tensorflow:From main.py:114: softmax_cross_entropy_with_logits (from tensorflow.python.ops.nn_ops) is deprecated and will be removed in a future version.
Instructions for updating:

Future major versions of TensorFlow will allow gradients to flow
into the labels input on backprop by default.

See `tf.nn.softmax_cross_entropy_with_logits_v2`.

2018-11-01 12:49:15.132482: I tensorflow/core/common_runtime/gpu/gpu_device.cc:1490] Adding visible gpu devices: 0
2018-11-01 12:49:15.132547: I tensorflow/core/common_runtime/gpu/gpu_device.cc:971] Device interconnect StreamExecutor with strength 1 edge matrix:
2018-11-01 12:49:15.132558: I tensorflow/core/common_runtime/gpu/gpu_device.cc:977]      0 
2018-11-01 12:49:15.132567: I tensorflow/core/common_runtime/gpu/gpu_device.cc:990] 0:   N 
2018-11-01 12:49:15.132695: I tensorflow/core/common_runtime/gpu/gpu_device.cc:1103] Created TensorFlow device (/job:localhost/replica:0/task:0/device:GPU:0 with 14751 MB memory) -> physical GPU (device: 0, name: Tesla V100-SXM2-16GB, pci bus id: 0000:00:04.0, compute capability: 7.0)
Tests Passed
2018-11-01 12:49:15.177926: I tensorflow/core/common_runtime/gpu/gpu_device.cc:1490] Adding visible gpu devices: 0
2018-11-01 12:49:15.177988: I tensorflow/core/common_runtime/gpu/gpu_device.cc:971] Device interconnect StreamExecutor with strength 1 edge matrix:
2018-11-01 12:49:15.178012: I tensorflow/core/common_runtime/gpu/gpu_device.cc:977]      0 
2018-11-01 12:49:15.178034: I tensorflow/core/common_runtime/gpu/gpu_device.cc:990] 0:   N 
2018-11-01 12:49:15.178143: I tensorflow/core/common_runtime/gpu/gpu_device.cc:1103] Created TensorFlow device (/job:localhost/replica:0/task:0/device:GPU:0 with 14751 MB memory) -> physical GPU (device: 0, name: Tesla V100-SXM2-16GB, pci bus id: 0000:00:04.0, compute capability: 7.0)
Tests Passed
Tests Passed
2018-11-01 12:49:15.189324: I tensorflow/core/common_runtime/gpu/gpu_device.cc:1490] Adding visible gpu devices: 0
2018-11-01 12:49:15.189364: I tensorflow/core/common_runtime/gpu/gpu_device.cc:971] Device interconnect StreamExecutor with strength 1 edge matrix:
2018-11-01 12:49:15.189393: I tensorflow/core/common_runtime/gpu/gpu_device.cc:977]      0 
2018-11-01 12:49:15.189410: I tensorflow/core/common_runtime/gpu/gpu_device.cc:990] 0:   N 
2018-11-01 12:49:15.189515: I tensorflow/core/common_runtime/gpu/gpu_device.cc:1103] Created TensorFlow device (/job:localhost/replica:0/task:0/device:GPU:0 with 14751 MB memory) -> physical GPU (device: 0, name: Tesla V100-SXM2-16GB, pci bus id: 0000:00:04.0, compute capability: 7.0)
2018-11-01 12:49:18.003644: W tensorflow/core/graph/graph_constructor.cc:1263] Importing a graph with a lower producer version 21 into an existing graph with producer version 27. Shape inference will have run different parts of the graph with different producer versions.
Training...

EPOCH 1 ...
/usr/lib/python3/dist-packages/scipy/misc/pilutil.py:479: FutureWarning: Conversion of the second argument of issubdtype from `int` to `np.signedinteger` is deprecated. In future, it will be treated as `np.int64 == np.dtype(int).type`.
  if issubdtype(ts, int):
/usr/lib/python3/dist-packages/scipy/misc/pilutil.py:482: FutureWarning: Conversion of the second argument of issubdtype from `float` to `np.floating` is deprecated. In future, it will be treated as `np.float64 == np.dtype(float).type`.
  elif issubdtype(type(size), float):
Loss: = 1.490
Loss: = 1.443
Loss: = 1.072
Loss: = 1.002
Loss: = 0.973
Loss: = 0.858
Loss: = 0.829
Loss: = 0.797
Loss: = 0.778
Loss: = 0.761
Loss: = 0.743
Loss: = 0.739
Loss: = 0.732
Loss: = 0.717
Loss: = 0.713
Loss: = 0.704
Loss: = 0.700
Loss: = 0.697
Loss: = 0.692
Loss: = 0.686
Loss: = 0.678
Loss: = 0.675
Loss: = 0.666
Loss: = 0.657
Loss: = 0.653
Loss: = 0.647
Loss: = 0.641
Loss: = 0.626
Loss: = 0.628
Loss: = 0.621
Loss: = 0.605
Loss: = 0.599
Loss: = 0.572
Loss: = 0.565
Loss: = 0.547
Loss: = 0.542
Loss: = 0.561

EPOCH 2 ...
Loss: = 0.497
Loss: = 0.498
Loss: = 0.460
Loss: = 0.442
Loss: = 0.424
Loss: = 0.459
Loss: = 0.417
Loss: = 0.410
Loss: = 0.366
Loss: = 0.354
Loss: = 0.324
Loss: = 0.340
Loss: = 0.331
Loss: = 0.310
Loss: = 0.288
Loss: = 0.299
Loss: = 0.325
Loss: = 0.313
Loss: = 0.247
Loss: = 0.283
Loss: = 0.292
Loss: = 0.240
Loss: = 0.265
Loss: = 0.281
Loss: = 0.211
Loss: = 0.206
Loss: = 0.205
Loss: = 0.268
Loss: = 0.209
Loss: = 0.261
Loss: = 0.202
Loss: = 0.220
Loss: = 0.238
Loss: = 0.183
Loss: = 0.185
Loss: = 0.187
Loss: = 0.122

EPOCH 3 ...
Loss: = 0.158
Loss: = 0.227
Loss: = 0.188
Loss: = 0.182
Loss: = 0.168
Loss: = 0.142
Loss: = 0.196
Loss: = 0.235
Loss: = 0.145
Loss: = 0.156
Loss: = 0.166
Loss: = 0.221
Loss: = 0.168
Loss: = 0.173
Loss: = 0.196
Loss: = 0.132
Loss: = 0.175
Loss: = 0.208
Loss: = 0.172
Loss: = 0.178
Loss: = 0.172
Loss: = 0.120
Loss: = 0.138
Loss: = 0.120
Loss: = 0.154
Loss: = 0.111
Loss: = 0.142
Loss: = 0.152
Loss: = 0.171
Loss: = 0.119
Loss: = 0.125
Loss: = 0.171
Loss: = 0.150
Loss: = 0.137
Loss: = 0.176
Loss: = 0.132
Loss: = 0.236

EPOCH 4 ...
Loss: = 0.116
Loss: = 0.157
Loss: = 0.156
Loss: = 0.109
Loss: = 0.144
Loss: = 0.158
Loss: = 0.142
Loss: = 0.166
Loss: = 0.146
Loss: = 0.116
Loss: = 0.133
Loss: = 0.178
Loss: = 0.115
Loss: = 0.146
Loss: = 0.148
Loss: = 0.113
Loss: = 0.163
Loss: = 0.131
Loss: = 0.137
Loss: = 0.163
Loss: = 0.113
Loss: = 0.116
Loss: = 0.114
Loss: = 0.130
Loss: = 0.120
Loss: = 0.135
Loss: = 0.153
Loss: = 0.142
Loss: = 0.140
Loss: = 0.136
Loss: = 0.110
Loss: = 0.118
Loss: = 0.124
Loss: = 0.121
Loss: = 0.101
Loss: = 0.098
Loss: = 0.097

EPOCH 5 ...
Loss: = 0.101
Loss: = 0.130
Loss: = 0.122
Loss: = 0.131
Loss: = 0.129
Loss: = 0.094
Loss: = 0.112
Loss: = 0.151
Loss: = 0.105
Loss: = 0.088
Loss: = 0.128
Loss: = 0.109
Loss: = 0.121
Loss: = 0.106
Loss: = 0.124
Loss: = 0.124
Loss: = 0.140
Loss: = 0.127
Loss: = 0.115
Loss: = 0.155
Loss: = 0.088
Loss: = 0.116
Loss: = 0.128
Loss: = 0.125
Loss: = 0.134
Loss: = 0.153
Loss: = 0.150
Loss: = 0.119
Loss: = 0.094
Loss: = 0.110
Loss: = 0.095
Loss: = 0.119
Loss: = 0.101
Loss: = 0.126
Loss: = 0.105
Loss: = 0.093
Loss: = 0.150

EPOCH 6 ...
Loss: = 0.085
Loss: = 0.123
Loss: = 0.130
Loss: = 0.110
Loss: = 0.077
Loss: = 0.102
Loss: = 0.101
Loss: = 0.094
Loss: = 0.091
Loss: = 0.117
Loss: = 0.138
Loss: = 0.063
Loss: = 0.107
Loss: = 0.122
Loss: = 0.091
Loss: = 0.130
Loss: = 0.104
Loss: = 0.088
Loss: = 0.090
Loss: = 0.114
Loss: = 0.101
Loss: = 0.076
Loss: = 0.114
Loss: = 0.111
Loss: = 0.107
Loss: = 0.092
Loss: = 0.089
Loss: = 0.082
Loss: = 0.103
Loss: = 0.092
Loss: = 0.107
Loss: = 0.096
Loss: = 0.079
Loss: = 0.074
Loss: = 0.105
Loss: = 0.120
Loss: = 0.250

EPOCH 7 ...
Loss: = 0.077
Loss: = 0.112
Loss: = 0.167
Loss: = 0.094
Loss: = 0.093
Loss: = 0.083
Loss: = 0.092
Loss: = 0.118
Loss: = 0.128
Loss: = 0.101
Loss: = 0.117
Loss: = 0.121
Loss: = 0.072
Loss: = 0.101
Loss: = 0.115
Loss: = 0.118
Loss: = 0.107
Loss: = 0.092
Loss: = 0.115
Loss: = 0.117
Loss: = 0.120
Loss: = 0.086
Loss: = 0.113
Loss: = 0.103
Loss: = 0.079
Loss: = 0.088
Loss: = 0.075
Loss: = 0.082
Loss: = 0.073
Loss: = 0.073
Loss: = 0.085
Loss: = 0.077
Loss: = 0.080
Loss: = 0.070
Loss: = 0.070
Loss: = 0.088
Loss: = 0.105

EPOCH 8 ...
Loss: = 0.069
Loss: = 0.070
Loss: = 0.087
Loss: = 0.096
Loss: = 0.096
Loss: = 0.078
Loss: = 0.080
Loss: = 0.071
Loss: = 0.091
Loss: = 0.089
Loss: = 0.068
Loss: = 0.060
Loss: = 0.076
Loss: = 0.073
Loss: = 0.095
Loss: = 0.107
Loss: = 0.107
Loss: = 0.093
Loss: = 0.078
Loss: = 0.113
Loss: = 0.072
Loss: = 0.102
Loss: = 0.070
Loss: = 0.104
Loss: = 0.088
Loss: = 0.084
Loss: = 0.065
Loss: = 0.084
Loss: = 0.095
Loss: = 0.093
Loss: = 0.078
Loss: = 0.071
Loss: = 0.077
Loss: = 0.088
Loss: = 0.086
Loss: = 0.095
Loss: = 0.057

EPOCH 9 ...
Loss: = 0.063
Loss: = 0.063
Loss: = 0.065
Loss: = 0.086
Loss: = 0.075
Loss: = 0.065
Loss: = 0.086
Loss: = 0.068
Loss: = 0.078
Loss: = 0.065
Loss: = 0.053
Loss: = 0.060
Loss: = 0.067
Loss: = 0.052
Loss: = 0.055
Loss: = 0.082
Loss: = 0.079
Loss: = 0.090
Loss: = 0.074
Loss: = 0.081
Loss: = 0.072
Loss: = 0.064
Loss: = 0.069
Loss: = 0.057
Loss: = 0.096
Loss: = 0.055
Loss: = 0.071
Loss: = 0.082
Loss: = 0.073
Loss: = 0.075
Loss: = 0.049
Loss: = 0.060
Loss: = 0.090
Loss: = 0.057
Loss: = 0.114
Loss: = 0.069
Loss: = 0.189

EPOCH 10 ...
Loss: = 0.070
Loss: = 0.121
Loss: = 0.121
Loss: = 0.109
Loss: = 0.082
Loss: = 0.112
Loss: = 0.093
Loss: = 0.082
Loss: = 0.054
Loss: = 0.060
Loss: = 0.086
Loss: = 0.109
Loss: = 0.117
Loss: = 0.064
Loss: = 0.102
Loss: = 0.072
Loss: = 0.088
Loss: = 0.081
Loss: = 0.069
Loss: = 0.101
Loss: = 0.102
Loss: = 0.076
Loss: = 0.089
Loss: = 0.090
Loss: = 0.074
Loss: = 0.075
Loss: = 0.050
Loss: = 0.067
Loss: = 0.052
Loss: = 0.080
Loss: = 0.067
Loss: = 0.070
Loss: = 0.075
Loss: = 0.084
Loss: = 0.060
Loss: = 0.064
Loss: = 0.077

EPOCH 11 ...
Loss: = 0.082
Loss: = 0.072
Loss: = 0.080
Loss: = 0.061
Loss: = 0.054
Loss: = 0.088
Loss: = 0.056
Loss: = 0.057
Loss: = 0.060
Loss: = 0.074
Loss: = 0.057
Loss: = 0.068
Loss: = 0.067
Loss: = 0.053
Loss: = 0.052
Loss: = 0.069
Loss: = 0.077
Loss: = 0.066
Loss: = 0.072
Loss: = 0.072
Loss: = 0.059
Loss: = 0.056
Loss: = 0.060
Loss: = 0.115
Loss: = 0.057
Loss: = 0.064
Loss: = 0.063
Loss: = 0.046
Loss: = 0.049
Loss: = 0.057
Loss: = 0.074
Loss: = 0.070
Loss: = 0.058
Loss: = 0.062
Loss: = 0.074
Loss: = 0.062
Loss: = 0.045

EPOCH 12 ...
Loss: = 0.079
Loss: = 0.075
Loss: = 0.043
Loss: = 0.076
Loss: = 0.054
Loss: = 0.073
Loss: = 0.059
Loss: = 0.064
Loss: = 0.051
Loss: = 0.056
Loss: = 0.072
Loss: = 0.069
Loss: = 0.066
Loss: = 0.066
Loss: = 0.060
Loss: = 0.053
Loss: = 0.050
Loss: = 0.048
Loss: = 0.070
Loss: = 0.074
Loss: = 0.054
Loss: = 0.055
Loss: = 0.088
Loss: = 0.047
Loss: = 0.073
Loss: = 0.055
Loss: = 0.064
Loss: = 0.056
Loss: = 0.051
Loss: = 0.045
Loss: = 0.060
Loss: = 0.043
Loss: = 0.036
Loss: = 0.054
Loss: = 0.046
Loss: = 0.051
Loss: = 0.053

EPOCH 13 ...
Loss: = 0.055
Loss: = 0.056
Loss: = 0.054
Loss: = 0.067
Loss: = 0.063
Loss: = 0.065
Loss: = 0.045
Loss: = 0.078
Loss: = 0.059
Loss: = 0.068
Loss: = 0.060
Loss: = 0.053
Loss: = 0.046
Loss: = 0.092
Loss: = 0.053
Loss: = 0.049
Loss: = 0.042
Loss: = 0.047
Loss: = 0.081
Loss: = 0.077
Loss: = 0.051
Loss: = 0.051
Loss: = 0.044
Loss: = 0.044
Loss: = 0.059
Loss: = 0.054
Loss: = 0.050
Loss: = 0.052
Loss: = 0.037
Loss: = 0.062
Loss: = 0.047
Loss: = 0.050
Loss: = 0.067
Loss: = 0.059
Loss: = 0.069
Loss: = 0.040
Loss: = 0.040

EPOCH 14 ...
Loss: = 0.049
Loss: = 0.049
Loss: = 0.053
Loss: = 0.058
Loss: = 0.048
Loss: = 0.056
Loss: = 0.055
Loss: = 0.071
Loss: = 0.047
Loss: = 0.058
Loss: = 0.055
Loss: = 0.062
Loss: = 0.043
Loss: = 0.063
Loss: = 0.058
Loss: = 0.042
Loss: = 0.049
Loss: = 0.045
Loss: = 0.057
Loss: = 0.051
Loss: = 0.046
Loss: = 0.033
Loss: = 0.043
Loss: = 0.049
Loss: = 0.049
Loss: = 0.072
Loss: = 0.048
Loss: = 0.032
Loss: = 0.062
Loss: = 0.044
Loss: = 0.036
Loss: = 0.044
Loss: = 0.061
Loss: = 0.049
Loss: = 0.056
Loss: = 0.055
Loss: = 0.035

EPOCH 15 ...
Loss: = 0.044
Loss: = 0.067
Loss: = 0.055
Loss: = 0.061
Loss: = 0.053
Loss: = 0.055
Loss: = 0.048
Loss: = 0.051
Loss: = 0.031
Loss: = 0.074
Loss: = 0.036
Loss: = 0.044
Loss: = 0.041
Loss: = 0.048
Loss: = 0.067
Loss: = 0.043
Loss: = 0.057
Loss: = 0.037
Loss: = 0.069
Loss: = 0.055
Loss: = 0.066
Loss: = 0.052
Loss: = 0.030
Loss: = 0.048
Loss: = 0.050
Loss: = 0.052
Loss: = 0.041
Loss: = 0.036
Loss: = 0.043
Loss: = 0.045
Loss: = 0.041
Loss: = 0.044
Loss: = 0.054
Loss: = 0.039
Loss: = 0.059
Loss: = 0.057
Loss: = 0.069

EPOCH 16 ...
Loss: = 0.039
Loss: = 0.041
Loss: = 0.048
Loss: = 0.042
Loss: = 0.038
Loss: = 0.053
Loss: = 0.056
Loss: = 0.035
Loss: = 0.047
Loss: = 0.051
Loss: = 0.038
Loss: = 0.059
Loss: = 0.044
Loss: = 0.040
Loss: = 0.059
Loss: = 0.057
Loss: = 0.044
Loss: = 0.051
Loss: = 0.042
Loss: = 0.041
Loss: = 0.043
Loss: = 0.043
Loss: = 0.053
Loss: = 0.049
Loss: = 0.087
Loss: = 0.041
Loss: = 0.048
Loss: = 0.041
Loss: = 0.039
Loss: = 0.054
Loss: = 0.048
Loss: = 0.035
Loss: = 0.052
Loss: = 0.040
Loss: = 0.034
Loss: = 0.040
Loss: = 0.026

EPOCH 17 ...
Loss: = 0.037
Loss: = 0.060
Loss: = 0.056
Loss: = 0.032
Loss: = 0.044
Loss: = 0.037
Loss: = 0.047
Loss: = 0.067
Loss: = 0.055
Loss: = 0.048
Loss: = 0.037
Loss: = 0.041
Loss: = 0.048
Loss: = 0.028
Loss: = 0.041
Loss: = 0.029
Loss: = 0.076
Loss: = 0.050
Loss: = 0.046
Loss: = 0.043
Loss: = 0.053
Loss: = 0.044
Loss: = 0.056
Loss: = 0.044
Loss: = 0.030
Loss: = 0.045
Loss: = 0.035
Loss: = 0.048
Loss: = 0.046
Loss: = 0.039
Loss: = 0.050
Loss: = 0.047
Loss: = 0.034
Loss: = 0.048
Loss: = 0.039
Loss: = 0.037
Loss: = 0.072

EPOCH 18 ...
Loss: = 0.058
Loss: = 0.037
Loss: = 0.030
Loss: = 0.049
Loss: = 0.050
Loss: = 0.051
Loss: = 0.036
Loss: = 0.034
Loss: = 0.042
Loss: = 0.039
Loss: = 0.038
Loss: = 0.034
Loss: = 0.040
Loss: = 0.041
Loss: = 0.043
Loss: = 0.037
Loss: = 0.035
Loss: = 0.045
Loss: = 0.043
Loss: = 0.048
Loss: = 0.040
Loss: = 0.041
Loss: = 0.045
Loss: = 0.037
Loss: = 0.061
Loss: = 0.055
Loss: = 0.029
Loss: = 0.038
Loss: = 0.039
Loss: = 0.032
Loss: = 0.044
Loss: = 0.050
Loss: = 0.057
Loss: = 0.037
Loss: = 0.071
Loss: = 0.042
Loss: = 0.051

EPOCH 19 ...
Loss: = 0.040
Loss: = 0.047
Loss: = 0.057
Loss: = 0.040
Loss: = 0.071
Loss: = 0.031
Loss: = 0.059
Loss: = 0.055
Loss: = 0.066
Loss: = 0.072
Loss: = 0.053
Loss: = 0.047
Loss: = 0.058
Loss: = 0.058
Loss: = 0.047
Loss: = 0.054
Loss: = 0.064
Loss: = 0.073
Loss: = 0.053
Loss: = 0.057
Loss: = 0.060
Loss: = 0.051
Loss: = 0.054
Loss: = 0.070
Loss: = 0.051
Loss: = 0.059
Loss: = 0.085
Loss: = 0.062
Loss: = 0.069
Loss: = 0.057
Loss: = 0.050
Loss: = 0.050
Loss: = 0.048
Loss: = 0.053
Loss: = 0.073
Loss: = 0.051
Loss: = 0.080

EPOCH 20 ...
Loss: = 0.067
Loss: = 0.064
Loss: = 0.049
Loss: = 0.054
Loss: = 0.042
Loss: = 0.049
Loss: = 0.048
Loss: = 0.031
Loss: = 0.046
Loss: = 0.056
Loss: = 0.040
Loss: = 0.047
Loss: = 0.043
Loss: = 0.046
Loss: = 0.045
Loss: = 0.042
Loss: = 0.060
Loss: = 0.036
Loss: = 0.071
Loss: = 0.050
Loss: = 0.049
Loss: = 0.033
Loss: = 0.040
Loss: = 0.039
Loss: = 0.048
Loss: = 0.055
Loss: = 0.043
Loss: = 0.033
Loss: = 0.036
Loss: = 0.055
Loss: = 0.048
Loss: = 0.045
Loss: = 0.035
Loss: = 0.036
Loss: = 0.049
Loss: = 0.039
Loss: = 0.070

EPOCH 21 ...
Loss: = 0.047
Loss: = 0.035
Loss: = 0.040
Loss: = 0.041
Loss: = 0.048
Loss: = 0.056
Loss: = 0.038
Loss: = 0.029
Loss: = 0.058
Loss: = 0.040
Loss: = 0.043
Loss: = 0.046
Loss: = 0.044
Loss: = 0.051
Loss: = 0.040
Loss: = 0.032
Loss: = 0.037
Loss: = 0.046
Loss: = 0.035
Loss: = 0.046
Loss: = 0.036
Loss: = 0.031
Loss: = 0.039
Loss: = 0.038
Loss: = 0.033
Loss: = 0.027
Loss: = 0.058
Loss: = 0.041
Loss: = 0.038
Loss: = 0.050
Loss: = 0.040
Loss: = 0.032
Loss: = 0.033
Loss: = 0.028
Loss: = 0.042
Loss: = 0.052
Loss: = 0.065

EPOCH 22 ...
Loss: = 0.047
Loss: = 0.039
Loss: = 0.041
Loss: = 0.030
Loss: = 0.040
Loss: = 0.042
Loss: = 0.029
Loss: = 0.058
Loss: = 0.035
Loss: = 0.051
Loss: = 0.053
Loss: = 0.041
Loss: = 0.030
Loss: = 0.041
Loss: = 0.031
Loss: = 0.035
Loss: = 0.032
Loss: = 0.048
Loss: = 0.038
Loss: = 0.049
Loss: = 0.038
Loss: = 0.047
Loss: = 0.031
Loss: = 0.038
Loss: = 0.049
Loss: = 0.071
Loss: = 0.049
Loss: = 0.041
Loss: = 0.056
Loss: = 0.053
Loss: = 0.037
Loss: = 0.048
Loss: = 0.053
Loss: = 0.039
Loss: = 0.032
Loss: = 0.034
Loss: = 0.023

EPOCH 23 ...
Loss: = 0.037
Loss: = 0.032
Loss: = 0.041
Loss: = 0.041
Loss: = 0.042
Loss: = 0.049
Loss: = 0.032
Loss: = 0.053
Loss: = 0.036
Loss: = 0.039
Loss: = 0.031
Loss: = 0.030
Loss: = 0.046
Loss: = 0.024
Loss: = 0.042
Loss: = 0.039
Loss: = 0.038
Loss: = 0.037
Loss: = 0.044
Loss: = 0.038
Loss: = 0.039
Loss: = 0.036
Loss: = 0.052
Loss: = 0.042
Loss: = 0.028
Loss: = 0.046
Loss: = 0.029
Loss: = 0.041
Loss: = 0.037
Loss: = 0.028
Loss: = 0.039
Loss: = 0.030
Loss: = 0.044
Loss: = 0.032
Loss: = 0.035
Loss: = 0.059
Loss: = 0.051

EPOCH 24 ...
Loss: = 0.035
Loss: = 0.032
Loss: = 0.036
Loss: = 0.044
Loss: = 0.039
Loss: = 0.038
Loss: = 0.033
Loss: = 0.037
Loss: = 0.028
Loss: = 0.045
Loss: = 0.034
Loss: = 0.031
Loss: = 0.032
Loss: = 0.042
Loss: = 0.040
Loss: = 0.037
Loss: = 0.044
Loss: = 0.026
Loss: = 0.055
Loss: = 0.036
Loss: = 0.038
Loss: = 0.028
Loss: = 0.035
Loss: = 0.031
Loss: = 0.044
Loss: = 0.037
Loss: = 0.029
Loss: = 0.026
Loss: = 0.039
Loss: = 0.027
Loss: = 0.029
Loss: = 0.033
Loss: = 0.035
Loss: = 0.045
Loss: = 0.037
Loss: = 0.036
Loss: = 0.012

EPOCH 25 ...
Loss: = 0.026
Loss: = 0.042
Loss: = 0.025
Loss: = 0.037
Loss: = 0.031
Loss: = 0.027
Loss: = 0.030
Loss: = 0.027
Loss: = 0.047
Loss: = 0.052
Loss: = 0.036
Loss: = 0.043
Loss: = 0.035
Loss: = 0.031
Loss: = 0.032
Loss: = 0.023
Loss: = 0.037
Loss: = 0.037
Loss: = 0.035
Loss: = 0.044
Loss: = 0.025
Loss: = 0.022
Loss: = 0.029
Loss: = 0.030
Loss: = 0.034
Loss: = 0.034
Loss: = 0.022
Loss: = 0.042
Loss: = 0.042
Loss: = 0.032
Loss: = 0.037
Loss: = 0.035
Loss: = 0.023
Loss: = 0.044
Loss: = 0.042
Loss: = 0.035
Loss: = 0.041

Training Finished. Saving test images to: ./runs/1541076977.1332216
